<?xml version="1.0" encoding="UTF-8"?>
<!-- Generated by org.testng.reporters.JUnitReportReporter -->
<testsuite hostname="Sandy" failures="0" tests="1" name="Tests.searchhotel" time="32.740" errors="0" timestamp="04 Feb 2021 01:47:22 GMT" skipped="0">
  <testcase classname="Tests.searchhotel" name="searchhotell" time="32.740"/>
</testsuite> <!-- Tests.searchhotel -->
