<?xml version="1.0" encoding="UTF-8"?>
<!-- Generated by org.testng.reporters.JUnitReportReporter -->
<testsuite hostname="Sandy" failures="0" tests="1" name="Tests.Bookhotel" time="50.223" errors="0" timestamp="04 Feb 2021 01:45:52 GMT" skipped="0">
  <testcase classname="Tests.Bookhotel" name="bookhotel" time="50.223"/>
</testsuite> <!-- Tests.Bookhotel -->
