<?xml version="1.0" encoding="UTF-8"?>
<!-- Generated by org.testng.reporters.JUnitReportReporter -->
<testsuite hostname="Sandy" failures="0" tests="1" name="Tests.Search_and_filter" time="36.551" errors="0" timestamp="04 Feb 2021 02:21:50 GMT" skipped="0">
  <testcase classname="Tests.Search_and_filter" name="Search_Verify" time="36.551"/>
</testsuite> <!-- Tests.Search_and_filter -->
