<?xml version="1.0" encoding="UTF-8"?>
<!-- Generated by org.testng.reporters.JUnitReportReporter -->
<testsuite hostname="Sandy" failures="0" tests="1" name="Tests.Search_and_verify" time="46.658" errors="0" timestamp="04 Feb 2021 02:14:56 GMT" skipped="0">
  <testcase classname="Tests.Search_and_verify" name="Search_Verify" time="46.658"/>
</testsuite> <!-- Tests.Search_and_verify -->
