<?xml version="1.0" encoding="UTF-8"?>
<!-- Generated by org.testng.reporters.JUnitReportReporter -->
<testsuite hostname="Sandy" failures="0" tests="5" name="org.project.test.Test_Validate_login" time="236.660" errors="0" timestamp="04 Feb 2021 02:42:09 GMT" skipped="0">
  <testcase classname="org.project.test.Test_Validate_login" name="checklogin" time="164.326"/>
  <testcase classname="org.project.test.Test_Validate_login" name="checklogin" time="17.537"/>
  <testcase classname="org.project.test.Test_Validate_login" name="checklogin" time="17.991"/>
  <testcase classname="org.project.test.Test_Validate_login" name="checklogin" time="17.121"/>
  <testcase classname="org.project.test.Test_Validate_login" name="checklogin" time="19.685"/>
</testsuite> <!-- org.project.test.Test_Validate_login -->
