<?xml version="1.0" encoding="UTF-8"?>
<!-- Generated by org.testng.reporters.JUnitReportReporter -->
<testsuite hostname="Sandy" failures="0" tests="3" name="org.project.test.Test_Search_products" time="76.114" errors="0" timestamp="04 Feb 2021 02:43:54 GMT" skipped="0">
  <testcase classname="org.project.test.Test_Search_products" name="searchprod" time="24.309"/>
  <testcase classname="org.project.test.Test_Search_products" name="searchprod" time="22.913"/>
  <testcase classname="org.project.test.Test_Search_products" name="searchprod" time="28.892"/>
</testsuite> <!-- org.project.test.Test_Search_products -->
