<?xml version="1.0" encoding="UTF-8"?>
<!-- Generated by org.testng.reporters.JUnitReportReporter -->
<testsuite hostname="Sandy" failures="0" tests="1" name="org.project.test.Search_and_savecount" time="20.632" errors="0" timestamp="04 Feb 2021 02:46:26 GMT" skipped="0">
  <testcase classname="org.project.test.Search_and_savecount" name="savecount" time="20.632"/>
</testsuite> <!-- org.project.test.Search_and_savecount -->
